Analysis & Synthesis report for ensamblado_multi
Tue Apr 30 09:14:02 2024
Quartus II 32-bit Version 13.0.1 Build 232 06/12/2013 Service Pack 1 SJ Web Edition


---------------------
; Table of Contents ;
---------------------
  1. Legal Notice
  2. Analysis & Synthesis Summary
  3. Analysis & Synthesis Settings
  4. Parallel Compilation
  5. Analysis & Synthesis Messages



----------------
; Legal Notice ;
----------------
Copyright (C) 1991-2013 Altera Corporation
Your use of Altera Corporation's design tools, logic functions 
and other software and tools, and its AMPP partner logic 
functions, and any output files from any of the foregoing 
(including device programming or simulation files), and any 
associated documentation or information are expressly subject 
to the terms and conditions of the Altera Program License 
Subscription Agreement, Altera MegaCore Function License 
Agreement, or other applicable license agreement, including, 
without limitation, that your use is for the sole purpose of 
programming logic devices manufactured by Altera and sold by 
Altera or its authorized distributors.  Please refer to the 
applicable agreement for further details.



+--------------------------------------------------------------------------------------+
; Analysis & Synthesis Summary                                                         ;
+------------------------------------+-------------------------------------------------+
; Analysis & Synthesis Status        ; Failed - Tue Apr 30 09:14:02 2024               ;
; Quartus II 32-bit Version          ; 13.0.1 Build 232 06/12/2013 SP 1 SJ Web Edition ;
; Revision Name                      ; ensamblado_multi                                ;
; Top-level Entity Name              ; ensamblado_multi                                ;
; Family                             ; Cyclone IV GX                                   ;
; Total logic elements               ; N/A until Partition Merge                       ;
;     Total combinational functions  ; N/A until Partition Merge                       ;
;     Dedicated logic registers      ; N/A until Partition Merge                       ;
; Total registers                    ; N/A until Partition Merge                       ;
; Total pins                         ; N/A until Partition Merge                       ;
; Total virtual pins                 ; N/A until Partition Merge                       ;
; Total memory bits                  ; N/A until Partition Merge                       ;
; Embedded Multiplier 9-bit elements ; N/A until Partition Merge                       ;
; Total GXB Receiver Channel PCS     ; N/A until Partition Merge                       ;
; Total GXB Receiver Channel PMA     ; N/A until Partition Merge                       ;
; Total GXB Transmitter Channel PCS  ; N/A until Partition Merge                       ;
; Total GXB Transmitter Channel PMA  ; N/A until Partition Merge                       ;
; Total PLLs                         ; N/A until Partition Merge                       ;
+------------------------------------+-------------------------------------------------+


+----------------------------------------------------------------------------------------------------------------------+
; Analysis & Synthesis Settings                                                                                        ;
+----------------------------------------------------------------------------+--------------------+--------------------+
; Option                                                                     ; Setting            ; Default Value      ;
+----------------------------------------------------------------------------+--------------------+--------------------+
; Device                                                                     ; EP4CGX30CF23C6     ;                    ;
; Top-level entity name                                                      ; ensamblado_multi   ; ensamblado_multi   ;
; Family name                                                                ; Cyclone IV GX      ; Cyclone IV GX      ;
; Use smart compilation                                                      ; Off                ; Off                ;
; Enable parallel Assembler and TimeQuest Timing Analyzer during compilation ; On                 ; On                 ;
; Enable compact report table                                                ; Off                ; Off                ;
; Restructure Multiplexers                                                   ; Auto               ; Auto               ;
; Create Debugging Nodes for IP Cores                                        ; Off                ; Off                ;
; Preserve fewer node names                                                  ; On                 ; On                 ;
; Disable OpenCore Plus hardware evaluation                                  ; Off                ; Off                ;
; Verilog Version                                                            ; Verilog_2001       ; Verilog_2001       ;
; VHDL Version                                                               ; VHDL_1993          ; VHDL_1993          ;
; State Machine Processing                                                   ; Auto               ; Auto               ;
; Safe State Machine                                                         ; Off                ; Off                ;
; Extract Verilog State Machines                                             ; On                 ; On                 ;
; Extract VHDL State Machines                                                ; On                 ; On                 ;
; Ignore Verilog initial constructs                                          ; Off                ; Off                ;
; Iteration limit for constant Verilog loops                                 ; 5000               ; 5000               ;
; Iteration limit for non-constant Verilog loops                             ; 250                ; 250                ;
; Add Pass-Through Logic to Inferred RAMs                                    ; On                 ; On                 ;
; Infer RAMs from Raw Logic                                                  ; On                 ; On                 ;
; Parallel Synthesis                                                         ; On                 ; On                 ;
; DSP Block Balancing                                                        ; Auto               ; Auto               ;
; NOT Gate Push-Back                                                         ; On                 ; On                 ;
; Power-Up Don't Care                                                        ; On                 ; On                 ;
; Remove Redundant Logic Cells                                               ; Off                ; Off                ;
; Remove Duplicate Registers                                                 ; On                 ; On                 ;
; Ignore CARRY Buffers                                                       ; Off                ; Off                ;
; Ignore CASCADE Buffers                                                     ; Off                ; Off                ;
; Ignore GLOBAL Buffers                                                      ; Off                ; Off                ;
; Ignore ROW GLOBAL Buffers                                                  ; Off                ; Off                ;
; Ignore LCELL Buffers                                                       ; Off                ; Off                ;
; Ignore SOFT Buffers                                                        ; On                 ; On                 ;
; Limit AHDL Integers to 32 Bits                                             ; Off                ; Off                ;
; Optimization Technique                                                     ; Balanced           ; Balanced           ;
; Carry Chain Length                                                         ; 70                 ; 70                 ;
; Auto Carry Chains                                                          ; On                 ; On                 ;
; Auto Open-Drain Pins                                                       ; On                 ; On                 ;
; Perform WYSIWYG Primitive Resynthesis                                      ; Off                ; Off                ;
; Auto ROM Replacement                                                       ; On                 ; On                 ;
; Auto RAM Replacement                                                       ; On                 ; On                 ;
; Auto DSP Block Replacement                                                 ; On                 ; On                 ;
; Auto Shift Register Replacement                                            ; Auto               ; Auto               ;
; Allow Shift Register Merging across Hierarchies                            ; Auto               ; Auto               ;
; Auto Clock Enable Replacement                                              ; On                 ; On                 ;
; Strict RAM Replacement                                                     ; Off                ; Off                ;
; Allow Synchronous Control Signals                                          ; On                 ; On                 ;
; Force Use of Synchronous Clear Signals                                     ; Off                ; Off                ;
; Auto RAM Block Balancing                                                   ; On                 ; On                 ;
; Auto RAM to Logic Cell Conversion                                          ; Off                ; Off                ;
; Auto Resource Sharing                                                      ; Off                ; Off                ;
; Allow Any RAM Size For Recognition                                         ; Off                ; Off                ;
; Allow Any ROM Size For Recognition                                         ; Off                ; Off                ;
; Allow Any Shift Register Size For Recognition                              ; Off                ; Off                ;
; Use LogicLock Constraints during Resource Balancing                        ; On                 ; On                 ;
; Ignore translate_off and synthesis_off directives                          ; Off                ; Off                ;
; Timing-Driven Synthesis                                                    ; On                 ; On                 ;
; Report Parameter Settings                                                  ; On                 ; On                 ;
; Report Source Assignments                                                  ; On                 ; On                 ;
; Report Connectivity Checks                                                 ; On                 ; On                 ;
; Ignore Maximum Fan-Out Assignments                                         ; Off                ; Off                ;
; Synchronization Register Chain Length                                      ; 2                  ; 2                  ;
; PowerPlay Power Optimization                                               ; Normal compilation ; Normal compilation ;
; HDL message level                                                          ; Level2             ; Level2             ;
; Suppress Register Optimization Related Messages                            ; Off                ; Off                ;
; Number of Removed Registers Reported in Synthesis Report                   ; 5000               ; 5000               ;
; Number of Swept Nodes Reported in Synthesis Report                         ; 5000               ; 5000               ;
; Number of Inverted Registers Reported in Synthesis Report                  ; 100                ; 100                ;
; Clock MUX Protection                                                       ; On                 ; On                 ;
; Auto Gated Clock Conversion                                                ; Off                ; Off                ;
; Block Design Naming                                                        ; Auto               ; Auto               ;
; SDC constraint protection                                                  ; Off                ; Off                ;
; Synthesis Effort                                                           ; Auto               ; Auto               ;
; Shift Register Replacement - Allow Asynchronous Clear Signal               ; On                 ; On                 ;
; Pre-Mapping Resynthesis Optimization                                       ; Off                ; Off                ;
; Analysis & Synthesis Message Level                                         ; Medium             ; Medium             ;
; Disable Register Merging Across Hierarchies                                ; Auto               ; Auto               ;
; Resource Aware Inference For Block RAM                                     ; On                 ; On                 ;
; Synthesis Seed                                                             ; 1                  ; 1                  ;
+----------------------------------------------------------------------------+--------------------+--------------------+


Parallel compilation was disabled, but you have multiple processors available. Enable parallel compilation to reduce compilation time.
+-------------------------------------+
; Parallel Compilation                ;
+----------------------------+--------+
; Processors                 ; Number ;
+----------------------------+--------+
; Number detected on machine ; 12     ;
; Maximum allowed            ; 1      ;
+----------------------------+--------+


+-------------------------------+
; Analysis & Synthesis Messages ;
+-------------------------------+
Info: *******************************************************************
Info: Running Quartus II 32-bit Analysis & Synthesis
    Info: Version 13.0.1 Build 232 06/12/2013 Service Pack 1 SJ Web Edition
    Info: Processing started: Tue Apr 30 09:14:01 2024
Info: Command: quartus_map --read_settings_files=on --write_settings_files=off ensamblado_multi -c ensamblado_multi
Warning (20028): Parallel compilation is not licensed and has been disabled
Warning (12019): Can't analyze file -- file ../../../../LAB2/proyecto_1/memoria_con_interface_bus/componentes_memoria_interface_pkg/componentes_memoria_interface_pkg.vhd is missing
Warning (12019): Can't analyze file -- file ../../../../LAB2/proyecto_1/memoria_con_interface_bus/memoria_principal/componentes_memoria_pkg/componentes_memoria_pkg.vhd is missing
Warning (12019): Can't analyze file -- file ../../../../LAB2/proyecto_1/BUS/componentes_interfaces_bus_pkg/componentes_interfaces_bus_pkg.vhd is missing
Warning (12019): Can't analyze file -- file ../../../../LAB2/proyecto_1/tipos_constantes_pkg/retardos_RegDes_pkg.vhd is missing
Warning (12019): Can't analyze file -- file ../../../../LAB2/proyecto_1/tipos_constantes_pkg/retardos_otros_pkg.vhd is missing
Warning (12019): Can't analyze file -- file ../../../../LAB2/proyecto_1/cache_con_interface_bus/cache_con_interface_proc/interface_proc_cache/componentes_interface_proc_cache_pkg/componentes_interface_proc_cache_pkg.vhd is missing
Warning (12019): Can't analyze file -- file ../../../../LAB2/proyecto_1/tipos_constantes_pkg/interface_cache_bus_pkg.vhd is missing
Warning (12019): Can't analyze file -- file ../../../../LAB2/proyecto_1/tipos_constantes_pkg/retardos_memorias_pkg.vhd is missing
Warning (12019): Can't analyze file -- file ../../../../LAB2/proyecto_1/tipos_constantes_pkg/param_memorias_pkg.vhd is missing
Warning (12019): Can't analyze file -- file ../../../../LAB2/proyecto_1/cache_con_interface_bus/cache_con_interface_proc/cache/camino_de_datos/componentes/campo_etiquetas/componentes_etiq_pkg/componentes_etiq_pkg.vhd is missing
Warning (12019): Can't analyze file -- file ../../../../LAB2/proyecto_1/cache_con_interface_bus/cache_con_interface_proc/cache/camino_de_datos/componentes/campo_datos/componentes_datos_pkg/componentes_datos_pkg.vhd is missing
Warning (12019): Can't analyze file -- file ../../../../LAB2/proyecto_1/cache_con_interface_bus/cache_con_interface_proc/cache/camino_de_datos/componentes_camino_pkg/componentes_camino_pkg.vhd is missing
Warning (12019): Can't analyze file -- file ../../../../LAB2/proyecto_1/tipos_constantes_pkg/retardos_controlador_pkg.vhd is missing
Warning (12019): Can't analyze file -- file ../../../../LAB2/proyecto_1/tipos_constantes_pkg/param_disenyo_pkg.vhd is missing
Warning (12019): Can't analyze file -- file ../../../../LAB2/proyecto_1/tipos_constantes_pkg/controlador_pkg.vhd is missing
Warning (12019): Can't analyze file -- file ../../../../LAB2/proyecto_1/tipos_constantes_pkg/campo_ET_pkg.vhd is missing
Warning (12019): Can't analyze file -- file ../../../../LAB2/proyecto_1/tipos_constantes_pkg/campo_EST_pkg.vhd is missing
Warning (12019): Can't analyze file -- file ../../../../LAB2/proyecto_1/tipos_constantes_pkg/campo_DAT_pkg.vhd is missing
Warning (12019): Can't analyze file -- file ../../../../LAB2/proyecto_1/tipos_constantes_pkg/camino_dat_pkg.vhd is missing
Warning (12019): Can't analyze file -- file ../../../../LAB2/proyecto_1/tipos_constantes_pkg/cache_pkg.vhd is missing
Warning (12019): Can't analyze file -- file ../../../../LAB2/proyecto_1/tipos_constantes_pkg/acciones_pkg.vhd is missing
Info (12021): Found 1 design units, including 0 entities, in source file /home/usuari/MP/Labs/lab3/LAB3/proyecto_1/tipos_constantes_pkg/retardos_arbitro_pkg.vhd
    Info (12022): Found design unit 1: retardos_arbitro_pkg
Info (12021): Found 1 design units, including 0 entities, in source file /home/usuari/MP/Labs/lab3/LAB3/proyecto_1/arbitro/componentes_arbitro_pkg/componentes_arbitro_pkg.vhd
    Info (12022): Found design unit 1: componentes_arbitro_pkg
Info (12021): Found 1 design units, including 0 entities, in source file /home/usuari/MP/Labs/lab3/LAB3/proyecto_1/arbitro/componentes_arbitraje_pkg/componentes_arbitraje_pkg.vhd
    Info (12022): Found design unit 1: componentes_arbitraje_pkg
Info (12021): Found 1 design units, including 0 entities, in source file /home/usuari/MP/Labs/lab3/LAB3/proyecto_1/tipos_constantes_pkg/retardos_observador_pkg.vhd
    Info (12022): Found design unit 1: retardos_observador_pkg
Info (12021): Found 1 design units, including 0 entities, in source file /home/usuari/MP/Labs/lab3/LAB3/proyecto_1/tipos_constantes_pkg/retardos_inter_proc_cache_pkg.vhd
    Info (12022): Found design unit 1: retardos_inter_proc_cache_pkg
Info (12021): Found 1 design units, including 0 entities, in source file /home/usuari/MP/Labs/lab3/LAB3/proyecto_1/BUS/componentes_interfaces_bus_multi_pkg/componentes_interfaces_bus_multi_pkg.vhd
    Info (12022): Found design unit 1: componentes_interfaces_bus_multi_pkg
Info (12021): Found 2 design units, including 0 entities, in source file /home/usuari/MP/Labs/lab3/LAB3/proyecto_1/cache_con_interface_bus/cache_con_interface_proc/cache/controlador/componentes/procesador/CODIGO/procedimientos_controlador_pkg.vhd
    Info (12022): Found design unit 1: procedimientos_controlador_pkg
    Info (12022): Found design unit 2: procedimientos_controlador_pkg-body
Info (12021): Found 2 design units, including 0 entities, in source file /home/usuari/MP/Labs/lab3/LAB3/proyecto_1/cache_con_interface_bus/cache_con_interface_proc/cache/controlador/componentes/observador/CODIGO/procedimientos_observador_pkg.vhd
    Info (12022): Found design unit 1: procedimientos_observador_pkg
    Info (12022): Found design unit 2: procedimientos_observador_pkg-body
Info (12021): Found 1 design units, including 0 entities, in source file /home/usuari/MP/Labs/lab3/LAB3/proyecto_1/tipos_constantes_pkg/multis_pkg.vhd
    Info (12022): Found design unit 1: multis_pkg
Info (12021): Found 1 design units, including 0 entities, in source file /home/usuari/MP/Labs/lab3/LAB3/proyecto_1/tipos_constantes_pkg/interface_observador_pkg.vhd
    Info (12022): Found design unit 1: interface_observador_pkg
Info (12021): Found 1 design units, including 0 entities, in source file /home/usuari/MP/Labs/lab3/LAB3/proyecto_1/tipos_constantes_pkg/controlador_Obs_pkg.vhd
    Info (12022): Found design unit 1: controlador_Obs_pkg
Info (12021): Found 1 design units, including 0 entities, in source file /home/usuari/MP/Labs/lab3/LAB3/proyecto_1/cache_con_interface_bus/cache_con_interface_proc/cache/controlador/componentes_controlador_cache_multi_pkg/componentes_controlador_cache_multi_pkg.vhd
    Info (12022): Found design unit 1: componentes_controlador_cache_multi_pkg
Info (12021): Found 1 design units, including 0 entities, in source file /home/usuari/MP/Labs/lab3/LAB3/proyecto_1/cache_con_interface_bus/cache_con_interface_proc/cache/componentes_cache_pkg/componentes_cache_multi_pkg.vhd
    Info (12022): Found design unit 1: componentes_cache_multi_pkg
Info (12021): Found 1 design units, including 0 entities, in source file /home/usuari/MP/Labs/lab3/LAB3/proyecto_1/cache_con_interface_bus/cache_con_interface_proc/componentes_cache_multi_con_inter_proc_pkg/componentes_cache_multi_con_inter_proc_pkg.vhd
    Info (12022): Found design unit 1: componentes_cache_multi_con_inter_proc_pkg
Info (12021): Found 1 design units, including 0 entities, in source file /home/usuari/MP/Labs/lab3/LAB3/proyecto_1/cache_con_interface_bus/cache_con_interface_proc_pkg/cache_multi_con_interface_proc_pkg.vhd
    Info (12022): Found design unit 1: cache_multi_con_interface_proc_pkg
Info (12021): Found 1 design units, including 0 entities, in source file /home/usuari/MP/Labs/lab3/LAB3/proyecto_1/cache_con_interface_bus/componentes_cache_interface_pkg/componentes_cache_multi_interface_pkg.vhd
    Info (12022): Found design unit 1: componentes_cache_multi_interface_pkg
Info (12021): Found 2 design units, including 1 entities, in source file /home/usuari/MP/Labs/lab3/LAB3/proyecto_1/ENSAMBLADO/CODIGO/ensamblado_multi.vhd
    Info (12022): Found design unit 1: ensamblado_multi-estructural
    Info (12023): Found entity 1: ensamblado_multi
Error (10481): VHDL Use Clause error at componentes_arbitro_pkg.vhd(9): design library "work" does not contain primary unit "param_disenyo_pkg" File: /home/usuari/MP/Labs/lab3/LAB3/proyecto_1/arbitro/componentes_arbitro_pkg/componentes_arbitro_pkg.vhd Line: 9
Error (10800): VHDL error at componentes_arbitro_pkg.vhd(9): selected name in use clause is not an expanded name File: /home/usuari/MP/Labs/lab3/LAB3/proyecto_1/arbitro/componentes_arbitro_pkg/componentes_arbitro_pkg.vhd Line: 9
Error: Quartus II 32-bit Analysis & Synthesis was unsuccessful. 2 errors, 22 warnings
    Error: Peak virtual memory: 383 megabytes
    Error: Processing ended: Tue Apr 30 09:14:02 2024
    Error: Elapsed time: 00:00:01
    Error: Total CPU time (on all processors): 00:00:01


