Flow report for ensamblado_multi
Wed Jun 12 22:07:55 2024
Quartus II 64-Bit Version 13.0.1 Build 232 06/12/2013 Service Pack 1 SJ Web Edition


---------------------
; Table of Contents ;
---------------------
  1. Legal Notice
  2. Flow Summary
  3. Flow Settings
  4. Flow Non-Default Global Settings
  5. Flow Elapsed Time
  6. Flow OS Summary
  7. Flow Log
  8. Flow Messages
  9. Flow Suppressed Messages



----------------
; Legal Notice ;
----------------
Copyright (C) 1991-2013 Altera Corporation
Your use of Altera Corporation's design tools, logic functions 
and other software and tools, and its AMPP partner logic 
functions, and any output files from any of the foregoing 
(including device programming or simulation files), and any 
associated documentation or information are expressly subject 
to the terms and conditions of the Altera Program License 
Subscription Agreement, Altera MegaCore Function License 
Agreement, or other applicable license agreement, including, 
without limitation, that your use is for the sole purpose of 
programming logic devices manufactured by Altera and sold by 
Altera or its authorized distributors.  Please refer to the 
applicable agreement for further details.



+--------------------------------------------------------------------------------------+
; Flow Summary                                                                         ;
+------------------------------------+-------------------------------------------------+
; Flow Status                        ; Successful - Wed Jun 12 22:07:55 2024           ;
; Quartus II 64-Bit Version          ; 13.0.1 Build 232 06/12/2013 SP 1 SJ Web Edition ;
; Revision Name                      ; ensamblado_multi                                ;
; Top-level Entity Name              ; ensamblado_multi                                ;
; Family                             ; Cyclone IV GX                                   ;
; Device                             ; EP4CGX30CF23C6                                  ;
; Timing Models                      ; Final                                           ;
; Total logic elements               ; 26                                              ;
;     Total combinational functions  ; 18                                              ;
;     Dedicated logic registers      ; 22                                              ;
; Total registers                    ; 22                                              ;
; Total pins                         ; 78                                              ;
; Total virtual pins                 ; 0                                               ;
; Total memory bits                  ; 0                                               ;
; Embedded Multiplier 9-bit elements ; 0                                               ;
; Total GXB Receiver Channel PCS     ; 0                                               ;
; Total GXB Receiver Channel PMA     ; 0                                               ;
; Total GXB Transmitter Channel PCS  ; 0                                               ;
; Total GXB Transmitter Channel PMA  ; 0                                               ;
; Total PLLs                         ; 0                                               ;
+------------------------------------+-------------------------------------------------+


+-----------------------------------------+
; Flow Settings                           ;
+-------------------+---------------------+
; Option            ; Setting             ;
+-------------------+---------------------+
; Start date & time ; 06/12/2024 22:07:53 ;
; Main task         ; Compilation         ;
; Revision Name     ; ensamblado_multi    ;
+-------------------+---------------------+


+-------------------------------------------------------------------------------------------------------------------------------------------------------------------------------------------------------------------------------------------------------------------+
; Flow Non-Default Global Settings                                                                                                                                                                                                                                  ;
+----------------------------------------+------------------------------------------------------------------------------------------------------------------------------------------------------------------+---------------+-------------+-------------------------+
; Assignment Name                        ; Value                                                                                                                                                            ; Default Value ; Entity Name ; Section Id              ;
+----------------------------------------+------------------------------------------------------------------------------------------------------------------------------------------------------------------+---------------+-------------+-------------------------+
; COMPILER_SIGNATURE_ID                  ; 0.171822287322795                                                                                                                                                ; --            ; --          ; --                      ;
; EDA_DESIGN_INSTANCE_NAME               ; NA                                                                                                                                                               ; --            ; --          ; prueba_ensamblado_multi ;
; EDA_NATIVELINK_SIMULATION_SETUP_SCRIPT ; ../PRUEBAS/formato_ventanas.do                                                                                                                                   ; --            ; --          ; eda_simulation          ;
; EDA_NATIVELINK_SIMULATION_TEST_BENCH   ; prueba_ensamblado_multi                                                                                                                                          ; --            ; --          ; eda_simulation          ;
; EDA_OUTPUT_DATA_FORMAT                 ; Vhdl                                                                                                                                                             ; --            ; --          ; eda_simulation          ;
; EDA_SIMULATION_TOOL                    ; ModelSim-Altera (VHDL)                                                                                                                                           ; <None>        ; --          ; --                      ;
; EDA_TEST_BENCH_ENABLE_STATUS           ; TEST_BENCH_MODE                                                                                                                                                  ; --            ; --          ; eda_simulation          ;
; EDA_TEST_BENCH_FILE                    ; ../PRUEBAS/tipos_pruebas_pkg.vhd                                                                                                                                 ; --            ; --          ; prueba_ensamblado_multi ;
; EDA_TEST_BENCH_FILE                    ; ../../UTILIDADES_pkg/imprimir_traza_pkg/impri_traza_pkg.vhd                                                                                                      ; --            ; --          ; prueba_ensamblado_multi ;
; EDA_TEST_BENCH_FILE                    ; ../../UTILIDADES_pkg/impri_CACHE_memoria_pkg/impri_cache_pkg.vhd                                                                                                 ; --            ; --          ; prueba_ensamblado_multi ;
; EDA_TEST_BENCH_FILE                    ; ../../UTILIDADES_pkg/impri_CACHE_memoria_pkg/impri_memoria_pkg.vhd                                                                                               ; --            ; --          ; prueba_ensamblado_multi ;
; EDA_TEST_BENCH_FILE                    ; ../PRUEBAS/procedimientos_prueba_pkg.vhd                                                                                                                         ; --            ; --          ; prueba_ensamblado_multi ;
; EDA_TEST_BENCH_FILE                    ; ../PRUEBAS/procedimientos_peticiones_pkg.vhd                                                                                                                     ; --            ; --          ; prueba_ensamblado_multi ;
; EDA_TEST_BENCH_FILE                    ; ../PRUEBAS/prueba_ensamblado_multi.vhd                                                                                                                           ; --            ; --          ; prueba_ensamblado_multi ;
; EDA_TEST_BENCH_MODULE_NAME             ; prueba_ensamblado_multi                                                                                                                                          ; --            ; --          ; prueba_ensamblado_multi ;
; EDA_TEST_BENCH_NAME                    ; prueba_ensamblado_multi                                                                                                                                          ; --            ; --          ; eda_simulation          ;
; MAX_CORE_JUNCTION_TEMP                 ; 85                                                                                                                                                               ; --            ; --          ; --                      ;
; MIN_CORE_JUNCTION_TEMP                 ; 0                                                                                                                                                                ; --            ; --          ; --                      ;
; NOMINAL_CORE_SUPPLY_VOLTAGE            ; 1.2V                                                                                                                                                             ; --            ; --          ; --                      ;
; PARTITION_COLOR                        ; 16764057                                                                                                                                                         ; --            ; --          ; Top                     ;
; PARTITION_FITTER_PRESERVATION_LEVEL    ; PLACEMENT_AND_ROUTING                                                                                                                                            ; --            ; --          ; Top                     ;
; PARTITION_NETLIST_TYPE                 ; SOURCE                                                                                                                                                           ; --            ; --          ; Top                     ;
; POWER_BOARD_THERMAL_MODEL              ; None (CONSERVATIVE)                                                                                                                                              ; --            ; --          ; --                      ;
; POWER_PRESET_COOLING_SOLUTION          ; 23 MM HEAT SINK WITH 200 LFPM AIRFLOW                                                                                                                            ; --            ; --          ; --                      ;
; PROJECT_OUTPUT_DIRECTORY               ; output_files                                                                                                                                                     ; --            ; --          ; --                      ;
; SEARCH_PATH                            ; ../../../../../LAB4/observacion/proyecto_2/RED_ida/ensamblado_red/CODIGO                                                                                         ; --            ; --          ; --                      ;
; SEARCH_PATH                            ; ../../../../../LAB4/observacion/proyecto_2/RED_ida/arbitro/componentes/arbitraje/CODIGO                                                                          ; --            ; --          ; --                      ;
; SEARCH_PATH                            ; ../../../../../LAB4/observacion/proyecto_2/RED_ida/BUS/Bus_multi/CODIGO                                                                                          ; --            ; --          ; --                      ;
; SEARCH_PATH                            ; ../../../../../LAB4/observacion/proyecto_2/RED_ida/arbitro/ensamblado/CODIGO                                                                                     ; --            ; --          ; --                      ;
; SEARCH_PATH                            ; ../../../../../LAB4/observacion/proyecto_2/RED_ida/arbitro/componentes/registro/CODIGO                                                                           ; --            ; --          ; --                      ;
; SEARCH_PATH                            ; ../../../../../LAB4/observacion/proyecto_2/cache_con_interface_bus/ensamblado_cache_interfaces/CODIGO                                                            ; --            ; --          ; --                      ;
; SEARCH_PATH                            ; ../../../../../LAB4/observacion/proyecto_2/RED_ida/BUS/componentes/registros/CODIGO                                                                              ; --            ; --          ; --                      ;
; SEARCH_PATH                            ; ../../../../../LAB4/observacion/proyecto_2/RED_ida/BUS/componentes/mux_obser/CODIGO                                                                              ; --            ; --          ; --                      ;
; SEARCH_PATH                            ; ../../../../../LAB4/observacion/proyecto_2/RED_ida/BUS/componentes/AND/CODIGO                                                                                    ; --            ; --          ; --                      ;
; SEARCH_PATH                            ; ../../../../../LAB4/observacion/proyecto_2/RED_ida/BUS/interfaces/CODIGO                                                                                         ; --            ; --          ; --                      ;
; SEARCH_PATH                            ; ../../../../../LAB4/observacion/proyecto_2/cache_con_interface_bus/cache_con_interface_proc/ensamblado_con_interface_proc/CODIGO                                 ; --            ; --          ; --                      ;
; SEARCH_PATH                            ; ../../../../../LAB4/observacion/proyecto_2/cache_con_interface_bus/cache_con_interface_proc/cache/ensamblado_multi/CODIGO                                        ; --            ; --          ; --                      ;
; SEARCH_PATH                            ; ../../../../../LAB3/proyecto_1/cache_con_interface_bus/cache_con_interface_proc/cache/componentes_cache_multis/mux_dir/CODIGO                                    ; --            ; --          ; --                      ;
; SEARCH_PATH                            ; ../../../../../LAB4/observacion/proyecto_2/cache_con_interface_bus/cache_con_interface_proc/cache/controlador/componentes/procesador/CODIGO                      ; --            ; --          ; --                      ;
; SEARCH_PATH                            ; ../../../../../LAB4/observacion/proyecto_2/cache_con_interface_bus/cache_con_interface_proc/cache/controlador/componentes/observador/CODIGO                      ; --            ; --          ; --                      ;
; SEARCH_PATH                            ; ../../../../../LAB4/observacion/proyecto_2/cache_con_interface_bus/cache_con_interface_proc/cache/controlador/ensamblado_controlador/CODIGO                      ; --            ; --          ; --                      ;
; SEARCH_PATH                            ; ../../../../../LAB4/observacion/proyecto_2/memoria_con_interface_bus/ensam_memo_interface/CODIGO                                                                 ; --            ; --          ; --                      ;
; SEARCH_PATH                            ; ../../../../../LAB4/observacion/proyecto_2/memoria_con_interface_bus/memoria_principal/ensam_memoria/CODIGO                                                      ; --            ; --          ; --                      ;
; SEARCH_PATH                            ; ../../../../../LAB4/observacion/proyecto_2/memoria_con_interface_bus/memoria_principal/COMPONENTES/MEMORIA/CODIGO                                                ; --            ; --          ; --                      ;
; SEARCH_PATH                            ; ../../../../../LAB4/observacion/proyecto_2/memoria_con_interface_bus/memoria_principal/COMPONENTES/CONTROLADOR/CODIGO                                            ; --            ; --          ; --                      ;
; SEARCH_PATH                            ; ../../../../../LAB2/proyecto_1/cache_con_interface_bus/cache_con_interface_proc/interface_proc_cache/interfaces/CODIGO                                           ; --            ; --          ; --                      ;
; SEARCH_PATH                            ; ../../../../../LAB2/proyecto_1/cache_con_interface_bus/cache_con_interface_proc/interface_proc_cache/COMPONENTES/registro_pet/CODIGO                             ; --            ; --          ; --                      ;
; SEARCH_PATH                            ; ../../../../../LAB2/proyecto_1/cache_con_interface_bus/cache_con_interface_proc/interface_proc_cache/COMPONENTES/mux_peticion/CODIGO                             ; --            ; --          ; --                      ;
; SEARCH_PATH                            ; ../../../../../LAB2/proyecto_1/cache_con_interface_bus/cache_con_interface_proc/cache/componentes_interface_cache_bus/mux_dat/CODIGO                             ; --            ; --          ; --                      ;
; SEARCH_PATH                            ; ../../../../../LAB2/proyecto_1/cache_con_interface_bus/cache_con_interface_proc/cache/camino_de_datos/ensamblado/CODIGO                                          ; --            ; --          ; --                      ;
; SEARCH_PATH                            ; ../../../../../LAB2/proyecto_1/cache_con_interface_bus/cache_con_interface_proc/cache/camino_de_datos/componentes/campo_etiquetas/ensamblado/CODIGO              ; --            ; --          ; --                      ;
; SEARCH_PATH                            ; ../../../../../LAB2/proyecto_1/cache_con_interface_bus/cache_con_interface_proc/cache/camino_de_datos/componentes/campo_etiquetas/componentes/m_etiquetas/CODIGO ; --            ; --          ; --                      ;
; SEARCH_PATH                            ; ../../../../../LAB2/proyecto_1/cache_con_interface_bus/cache_con_interface_proc/cache/camino_de_datos/componentes/campo_estado/m_estado/CODIGO                   ; --            ; --          ; --                      ;
; SEARCH_PATH                            ; ../../../../../LAB2/proyecto_1/cache_con_interface_bus/cache_con_interface_proc/cache/camino_de_datos/componentes/campo_datos/ensamblado/CODIGO                  ; --            ; --          ; --                      ;
; SEARCH_PATH                            ; ../../../../../LAB2/proyecto_1/cache_con_interface_bus/cache_con_interface_proc/cache/camino_de_datos/componentes/campo_datos/componentes/m_datos/CODIGO         ; --            ; --          ; --                      ;
+----------------------------------------+------------------------------------------------------------------------------------------------------------------------------------------------------------------+---------------+-------------+-------------------------+


+--------------------------------------------------------------------------------------------------------------------------+
; Flow Elapsed Time                                                                                                        ;
+----------------------+--------------+-------------------------+---------------------+------------------------------------+
; Module Name          ; Elapsed Time ; Average Processors Used ; Peak Virtual Memory ; Total CPU Time (on all processors) ;
+----------------------+--------------+-------------------------+---------------------+------------------------------------+
; Analysis & Synthesis ; 00:00:02     ; 1.0                     ; 650 MB              ; 00:00:02                           ;
; Total                ; 00:00:02     ; --                      ; --                  ; 00:00:02                           ;
+----------------------+--------------+-------------------------+---------------------+------------------------------------+


+--------------------------------------------------------------------------------------+
; Flow OS Summary                                                                      ;
+----------------------+------------------+--------------+------------+----------------+
; Module Name          ; Machine Hostname ; OS Name      ; OS Version ; Processor type ;
+----------------------+------------------+--------------+------------+----------------+
; Analysis & Synthesis ; msi              ; Ubuntu 23.10 ; 23         ; x86_64         ;
+----------------------+------------------+--------------+------------+----------------+


------------
; Flow Log ;
------------
quartus_map --read_settings_files=on --write_settings_files=off ensamblado_multi -c ensamblado_multi



